[debug] [2024-10-26T05:54:30.790Z] ----------------------------------------------------------------------
[debug] [2024-10-26T05:54:30.794Z] Command:       C:\Program Files\nodejs\node.exe C:\Users\willd\AppData\Roaming\npm\node_modules\firebase-tools\lib\bin\firebase.js init
[debug] [2024-10-26T05:54:30.794Z] CLI Version:   13.23.0
[debug] [2024-10-26T05:54:30.794Z] Platform:      win32
[debug] [2024-10-26T05:54:30.794Z] Node Version:  v20.11.0
[debug] [2024-10-26T05:54:30.794Z] Time:          Fri Oct 25 2024 22:54:30 GMT-0700 (Pacific Daylight Time)
[debug] [2024-10-26T05:54:30.794Z] ----------------------------------------------------------------------
[debug] 
[debug] [2024-10-26T05:54:30.873Z] > command requires scopes: ["email","openid","https://www.googleapis.com/auth/cloudplatformprojects.readonly","https://www.googleapis.com/auth/firebase","https://www.googleapis.com/auth/cloud-platform"]
[debug] [2024-10-26T05:54:30.874Z] > authorizing via signed-in user (willandkeila@gmail.com)
[info] 
     ######## #### ########  ######## ########     ###     ######  ########
     ##        ##  ##     ## ##       ##     ##  ##   ##  ##       ##
     ######    ##  ########  ######   ########  #########  ######  ######
     ##        ##  ##    ##  ##       ##     ## ##     ##       ## ##
     ##       #### ##     ## ######## ########  ##     ##  ######  ########

You're about to initialize a Firebase project in this directory:

  D:\React\renove_wellness

Before we get started, keep in mind:

  * You are initializing within an existing Firebase project directory

